<?xml version="1.0" encoding="UTF-8"?>
<testng-results total="2" passed="2" failed="0" skipped="0">
  <reporter-output>
  </reporter-output>
  <suite started-at="2020-03-15T05:36:28Z" name="Suite" finished-at="2020-03-15T05:36:35Z" duration-ms="6761">
    <groups>
    </groups>
    <test started-at="2020-03-15T05:36:28Z" name="Test" finished-at="2020-03-15T05:36:35Z" duration-ms="6761">
      <class name="com.offlineWebsiteTest.OfflineTest">
        <test-method is-config="true" signature="seUp()[pri:0, instance:com.offlineWebsiteTest.OfflineTest@74f0ea28]" started-at="2020-03-15T11:06:22Z" name="seUp" finished-at="2020-03-15T11:06:28Z" duration-ms="6558" status="PASS">
          <reporter-output>
          </reporter-output>
        </test-method> <!-- seUp -->
        <test-method signature="test01_login()[pri:0, instance:com.offlineWebsiteTest.OfflineTest@74f0ea28]" started-at="2020-03-15T11:06:28Z" name="test01_login" finished-at="2020-03-15T11:06:31Z" duration-ms="3197" status="PASS">
          <reporter-output>
          </reporter-output>
        </test-method> <!-- test01_login -->
        <test-method signature="test02_addUser()[pri:0, instance:com.offlineWebsiteTest.OfflineTest@74f0ea28]" started-at="2020-03-15T11:06:31Z" name="test02_addUser" finished-at="2020-03-15T11:06:35Z" duration-ms="3541" status="PASS">
          <reporter-output>
          </reporter-output>
        </test-method> <!-- test02_addUser -->
        <test-method is-config="true" signature="tearDown()[pri:0, instance:com.offlineWebsiteTest.OfflineTest@74f0ea28]" started-at="2020-03-15T11:06:35Z" name="tearDown" finished-at="2020-03-15T11:06:36Z" duration-ms="1016" status="PASS">
          <reporter-output>
          </reporter-output>
        </test-method> <!-- tearDown -->
      </class> <!-- com.offlineWebsiteTest.OfflineTest -->
    </test> <!-- Test -->
  </suite> <!-- Suite -->
</testng-results>
